Passed through lilypad_qa_client.jar
Passed through crack.jar
Passed through crack.jar
Passed through v1605_preview_client.jar
Passed through v1605_unrpreview2_client.jar
Passed through v1605_unrpreview2_server.jar
Passed through syllables.txt
Passed through attempt-to-run-today.html
Passed through discovered.html
Passed through entry-point.html
Passed through internal-footage-3.html
Passed through presentation.html
Passed through sunrise.html
Passed through the-search.html
Passed through version-01.html
Passed through version-03.html
Passed through version-06.html
Passed through version-07.html
Passed through version-10.html
Passed through index.html
Passed through blue_dandelion.html
Passed through blue_flame.html
Passed through flameberge.html
Passed through index.html
Passed through silver_rose.html
Passed through index.html
Passed through index.html
Passed through lilypad_qa_client.jar
Passed through index.html
Passed through crack.jar
Passed through index.html
Passed through crack.jar
Passed through index.html
Passed through index.html
Passed through v1605_preview_client.jar
Passed through index.html
Passed through v1605_unrpreview2_client.jar
Passed through v1605_unrpreview2_server.jar
Passed through anomalies.html
Passed through codes.html
Passed through developers.html
Passed through invasion-players.html
Passed through other-characters.html
Passed through chunk-names.html
Passed through hunger.html
Passed through milestone.html
Passed through syllables.txt
Passed through LilypadGiant.html
Passed through blue-stag-decompilation.html
Passed through ids.html
Passed through lilypad-analyzation.html
Passed through ballroom-pianist.html
Passed through faux-divinity.html
Passed through hidden-den.html
Passed through lemuria.html
Passed through moon-2.html
Passed through nordic-sanctuary.html
Passed through norway.html
Passed through pattern-ponder.html
Passed through rostrom.html
Passed through sadway.html
Passed through ost-rar.html
Passed through paintings.html
Passed through preview-2-analyzation.html
Passed through shadow-player.html
Passed through sighting-1.html
Passed through sighting-10.html
Passed through sighting-11.html
Passed through sighting-12.html
Passed through sighting-2.html
Passed through sighting-3.html
Passed through sighting-4.html
Passed through sighting-5.html
Passed through sighting-6.html
Passed through sighting-7.html
Passed through sighting-8.html
Passed through sighting-9.html
Passed through Registration.htm
Passed through avkeys.js
Passed through style.css
Successful build in 974ms
